{FUNC, "curl_write_callback", {ATOM, ATOM, ATOM, ATOM} },
{FUNC, "curl_read_callback", {ATOM, ATOM, ATOM, ATOM} },
{FUNC, "curl_strequal", {SEQUENCE, SEQUENCE} },
{FUNC, "curl_strnequal", {SEQUENCE, SEQUENCE, ATOM} },
{FUNC, "curl_formadd", {ATOM, ATOM, ATOM} },
{FUNC, "curl_formget", {ATOM, ATOM, ATOM} },
{PROC, "curl_formfree", {ATOM} },
{FUNC, "curl_getenv", {SEQUENCE} },
{FUNC, "curl_version", {} },
{FUNC, "curl_easy_escape", {ATOM, SEQUENCE} },
{FUNC, "curl_escape", {SEQUENCE} },
{FUNC, "curl_easy_unescape", {ATOM, SEQUENCE} },
{FUNC, "curl_unescape", {SEQUENCE} },
{PROC, "curl_free", {ATOM} },
{FUNC, "curl_global_init", {ATOM} },
{FUNC, "curl_slist_append", {ATOM, SEQUENCE} },
{PROC, "curl_slist_free_all", {ATOM} },
{FUNC, "peek_curl_slist", {ATOM, INTEGER} },
{PROC, "curl_global_cleanup", {} },
{FUNC, "curl_getdate", {SEQUENCE} },
{FUNC, "curl_version_info", {} },
{FUNC, "curl_easy_strerror", {INTEGER} },
{FUNC, "curl_easy_pause", {ATOM, INTEGER} },
{FUNC, "curl_easy_init", {} },
{PROC, "curl_easy_setopt", {ATOM, INTEGER, OBJECT} },
{FUNC, "curl_easy_perform", {ATOM} },
{PROC, "curl_easy_cleanup", {ATOM} },
{FUNC, "curl_easy_getinfo", {ATOM, INTEGER} },
{FUNC, "curl_easy_duphandle", {ATOM} },
{PROC, "curl_easy_reset", {ATOM} },
{FUNC, "curl_easy_recv", {ATOM, ATOM, INTEGER} },
{FUNC, "curl_easy_send", {ATOM, ATOM, INTEGER} },
{FUNC, "curl_extract_cookies", {SEQUENCE, SEQUENCE} },
{FUNC, "curl_extract_csrf_token", {SEQUENCE} },
{FUNC, "curl_easy_perform_ex", {ATOM} },
{FUNC, "curl_get", {ATOM, SEQUENCE} },
{FUNC, "curl_post", {ATOM, SEQUENCE, OBJECT} },
{FUNC, "curl_delete", {ATOM, SEQUENCE} },
