{FUNC, "eunet_get_errormode", {} },
{FUNC, "eunet_set_errormode", {INTEGER} },
{FUNC, "eunet_get_error", {} },
{FUNC, "eunet_get_blocksize", {} },
{FUNC, "eunet_delay", {ATOM} },
{FUNC, "eunet_get_iface_list", {} },
{FUNC, "eunet_get_iface_details", {SEQUENCE} },
{FUNC, "eunet_bind", {ATOM, SEQUENCE} },
{FUNC, "eunet_listen", {ATOM, INTEGER} },
{FUNC, "eunet_accept", {ATOM} },
{FUNC, "eunet_connect", {ATOM, SEQUENCE} },
{FUNC, "eunet_new_socket", {INTEGER, INTEGER, INTEGER} },
{FUNC, "eunet_close_socket", {ATOM} },
{FUNC, "eunet_shutdown_socket", {ATOM, ATOM} },
{FUNC, "eunet_poll", {SEQUENCE, ATOM} },
{FUNC, "eunet_send", {ATOM, SEQUENCE, ATOM} },
{FUNC, "eunet_sendto", {ATOM, SEQUENCE, ATOM, SEQUENCE} },
{FUNC, "eunet_sendmsg", {} },
{FUNC, "eunet_recv", {ATOM, ATOM} },
{FUNC, "eunet_recvfrom", {ATOM, ATOM} },
{FUNC, "eunet_recvmsg", {} },
{FUNC, "eunet_get_socket_options", {ATOM, INTEGER, INTEGER} },
{FUNC, "eunet_set_socket_options", {ATOM, INTEGER, INTEGER, OBJECT} },
{FUNC, "eunet_dnsquery", {SEQUENCE, INTEGER, ATOM} },
{FUNC, "eunet_getmxrr", {SEQUENCE, ATOM} },
{FUNC, "eunet_getnsrr", {SEQUENCE, ATOM} },
{FUNC, "eunet_gethostbyname", {SEQUENCE} },
{FUNC, "eunet_getaddrinfo", {OBJECT, OBJECT, OBJECT} },
{FUNC, "eunet_get_addrinfo", {OBJECT, OBJECT, OBJECT} },
{FUNC, "eunet_urlencode", {SEQUENCE} },
{FUNC, "eunet_get_sendheader", {OBJECT} },
{PROC, "eunet_set_sendheader_default", {} },
{FUNC, "eunet_get_http_use_cookie", {SEQUENCE, SEQUENCE, SEQUENCE} },
{FUNC, "eunet_get_url", {SEQUENCE} },
