{FUNC, "remove_eol", {SEQUENCE} },
{FUNC, "split_filename", {SEQUENCE} },
{FUNC, "file_drive", {SEQUENCE} },
{FUNC, "file_path", {SEQUENCE} },
{FUNC, "file_base", {SEQUENCE} },
{FUNC, "file_ext", {SEQUENCE} },
{FUNC, "file_name", {SEQUENCE} },
{FUNC, "parent_dir", {SEQUENCE} },
{PROC, "replace_text", {SEQUENCE, SEQUENCE, SEQUENCE, SEQUENCE} },
{FUNC, "file_exists", {SEQUENCE} },
{FUNC, "read_lines", {SEQUENCE} },
{PROC, "write_lines", {SEQUENCE, SEQUENCE} },
{PROC, "append_lines", {SEQUENCE, SEQUENCE} },
{FUNC, "read_file", {SEQUENCE} },
{PROC, "write_file", {SEQUENCE, SEQUENCE} },
{FUNC, "read_csv", {SEQUENCE, INTEGER} },
{FUNC, "sequence_to_csv", {SEQUENCE} },
{PROC, "write_csv", {SEQUENCE, SEQUENCE} },
{PROC, "append_csv", {SEQUENCE, SEQUENCE} },
{FUNC, "find_param_name", {SEQUENCE, SEQUENCE} },
{FUNC, "get_param_value", {SEQUENCE, SEQUENCE} },
{FUNC, "set_param_value", {SEQUENCE, SEQUENCE, SEQUENCE, SEQUENCE} },
{FUNC, "read_ini_file", {SEQUENCE} },
{PROC, "write_ini_file", {SEQUENCE, SEQUENCE} },
{FUNC, "get_ini_section", {SEQUENCE, SEQUENCE} },
{FUNC, "search_ini", {SEQUENCE, SEQUENCE, SEQUENCE} },
{FUNC, "read_ini", {SEQUENCE, SEQUENCE, SEQUENCE, OBJECT} },
{PROC, "write_ini", {SEQUENCE, SEQUENCE, SEQUENCE, OBJECT} },
{FUNC, "get_uint8", {INTEGER} },
{FUNC, "get_int8", {INTEGER} },
{FUNC, "get_uint16", {INTEGER} },
{FUNC, "get_int16", {INTEGER} },
{FUNC, "get_uint32", {INTEGER} },
{FUNC, "get_int32", {INTEGER} },
{FUNC, "get_uint64", {INTEGER} },
{FUNC, "get_float32", {INTEGER} },
{FUNC, "get_float64", {INTEGER} },
{FUNC, "get_string", {INTEGER} },
{PROC, "put_int8", {INTEGER, INTEGER} },
{PROC, "put_int16", {INTEGER, INTEGER} },
{PROC, "put_int32", {INTEGER, ATOM} },
{PROC, "put_int64", {INTEGER, ATOM} },
{PROC, "put_float32", {INTEGER, ATOM} },
{PROC, "put_float64", {INTEGER, ATOM} },
{PROC, "put_string", {INTEGER, SEQUENCE} },
{FUNC, "file_type", {SEQUENCE} },
{FUNC, "delete_file", {SEQUENCE} },
{FUNC, "copy_file", {SEQUENCE, SEQUENCE, SEQUENCE} },
{FUNC, "move_file", {SEQUENCE, SEQUENCE, SEQUENCE} },
{FUNC, "rename_file", {SEQUENCE, SEQUENCE, SEQUENCE} },
{FUNC, "create_directory", {SEQUENCE, SEQUENCE} },
{PROC, "clear_directory", {SEQUENCE} },
{FUNC, "remove_directory", {SEQUENCE, SEQUENCE} },
