{FUNC, "libssh2_init", {INTEGER} },
{PROC, "libssh2_exit", {} },
{PROC, "libssh2_banner_set", {ATOM, SEQUENCE} },
{FUNC, "libssh2_session_init", {} },
{FUNC, "libssh2_session_callback_set", {ATOM, INTEGER, ATOM} },
{FUNC, "libssh2_session_handshake", {ATOM, ATOM} },
{FUNC, "libssh2_session_startup", {ATOM, INTEGER} },
{FUNC, "libssh2_session_free", {ATOM} },
{FUNC, "libssh2_session_disconnect", {ATOM, SEQUENCE} },
{FUNC, "libssh2_session_methods", {ATOM, INTEGER} },
{FUNC, "libssh2_session_abstract", {ATOM} },
{FUNC, "libssh2_session_last_error", {ATOM, ATOM, ATOM, INTEGER} },
{FUNC, "libssh2_session_last_errno", {ATOM} },
{FUNC, "libssh2_session_flag", {ATOM, INTEGER, INTEGER} },
{PROC, "libssh2_session_set_blocking", {ATOM, INTEGER} },
{FUNC, "libssh2_session_get_blocking", {ATOM} },
{PROC, "libssh2_session_set_timeout", {ATOM, ATOM} },
{FUNC, "libssh2_session_get_timeout", {ATOM} },
{FUNC, "libssh2_poll", {ATOM, INTEGER, ATOM} },
{FUNC, "libssh2_poll_channel_read", {ATOM, INTEGER} },
{FUNC, "libssh2_session_block_directions", {ATOM} },
{FUNC, "libssh2_hostkey_hash", {ATOM, INTEGER} },
{FUNC, "libssh2_session_hostkey", {ATOM, INTEGER, INTEGER} },
{FUNC, "libssh2_session_method_pref", {ATOM, INTEGER, ATOM} },
{FUNC, "libssh2_userauth_list", {ATOM, SEQUENCE} },
{FUNC, "libssh2_userauth_authenticated", {ATOM} },
{FUNC, "libssh2_userauth_password", {ATOM, SEQUENCE, SEQUENCE, ATOM} },
{FUNC, "libssh2_userauth_publickey", {ATOM, ATOM, SEQUENCE, ATOM, ATOM} },
{FUNC, "libssh2_userauth_publickey_fromfile", {ATOM, SEQUENCE, ATOM, ATOM, ATOM} },
{FUNC, "libssh2_userauth_hostbased_fromfile", {ATOM, SEQUENCE, ATOM, ATOM, ATOM, SEQUENCE} },
{FUNC, "libssh2_userauth_keyboard_interactive", {ATOM, SEQUENCE, ATOM} },
{FUNC, "libssh2_channel_forward_cancel", {ATOM} },
{FUNC, "libssh2_channel_forward_accept", {ATOM} },
{FUNC, "libssh2_channel_process_startup", {ATOM, ATOM, INTEGER, ATOM, INTEGER} },
{FUNC, "libssh2_channel_receive_window_adjust", {ATOM, ATOM, INTEGER} },
{FUNC, "libssh2_channel_receive_window_adjust2", {ATOM, ATOM, INTEGER, ATOM} },
{PROC, "libssh2_channel_set_blocking", {ATOM, INTEGER} },
{PROC, "libssh2_channel_handle_extended_data", {ATOM, INTEGER} },
{FUNC, "libssh2_channel_handle_extended_data2", {ATOM, INTEGER} },
{FUNC, "libssh2_channel_get_exit_status", {ATOM} },
{FUNC, "libssh2_channel_send_eof", {ATOM} },
{FUNC, "libssh2_channel_eof", {ATOM} },
{FUNC, "libssh2_channel_wait_eof", {ATOM} },
{FUNC, "libssh2_channel_close", {ATOM} },
{FUNC, "libssh2_channel_wait_closed", {ATOM} },
{FUNC, "libssh2_channel_free", {ATOM} },
{FUNC, "libssh2_base64_decode", {ATOM, ATOM, ATOM, ATOM, INTEGER} },
{FUNC, "libssh2_version", {INTEGER} },
{FUNC, "libssh2_knownhost_init", {ATOM} },
{FUNC, "libssh2_knownhost_add", {ATOM, ATOM, ATOM, ATOM, ATOM, INTEGER, ATOM} },
{FUNC, "libssh2_knownhost_addc", {ATOM, ATOM, ATOM, ATOM, ATOM, ATOM, ATOM, INTEGER, ATOM} },
{FUNC, "libssh2_knownhost_check", {ATOM, ATOM, ATOM, ATOM, INTEGER, ATOM} },
{FUNC, "libssh2_knownhost_checkp", {ATOM, ATOM, INTEGER, ATOM, ATOM, INTEGER, ATOM} },
{FUNC, "libssh2_knownhost_del", {ATOM, ATOM} },
{PROC, "libssh2_knownhost_free", {ATOM} },
{FUNC, "libssh2_knownhost_readline", {ATOM, ATOM, ATOM, INTEGER} },
{FUNC, "libssh2_knownhost_readfile", {ATOM, ATOM, INTEGER} },
{FUNC, "libssh2_knownhost_writeline", {ATOM, ATOM, ATOM, ATOM, ATOM, INTEGER} },
{FUNC, "libssh2_knownhost_writefile", {ATOM, ATOM, INTEGER} },
{FUNC, "libssh2_knownhost_get", {ATOM, ATOM, ATOM} },
{FUNC, "libssh2_agent_init", {ATOM} },
{FUNC, "libssh2_agent_connect", {ATOM} },
{FUNC, "libssh2_agent_list_identities", {ATOM} },
{FUNC, "libssh2_agent_get_identity", {ATOM, ATOM, ATOM} },
{FUNC, "libssh2_agent_userauth", {ATOM, ATOM, ATOM} },
{FUNC, "libssh2_agent_disconnect", {ATOM} },
{PROC, "libssh2_agent_free", {ATOM} },
{PROC, "libssh2_keepalive_config", {ATOM, INTEGER, INTEGER} },
{FUNC, "libssh2_keepalive_send", {ATOM} },
{FUNC, "libssh2_trace", {ATOM, INTEGER} },
{FUNC, "libssh2_trace_sethandler", {ATOM, ATOM, ATOM} },
{FUNC, "libssh2_channel_open_session", {ATOM} },
{FUNC, "libssh2_channel_direct_tcpip", {ATOM, ATOM, INTEGER} },
{FUNC, "libssh2_channel_forward_listen", {ATOM, INTEGER} },
{FUNC, "libssh2_channel_setenv", {ATOM, SEQUENCE, SEQUENCE} },
{FUNC, "libssh2_channel_request_pty", {ATOM, SEQUENCE} },
{FUNC, "libssh2_channel_request_pty_size", {ATOM, INTEGER, INTEGER} },
{FUNC, "libssh2_channel_x11_req", {ATOM, INTEGER} },
{FUNC, "libssh2_channel_shell", {ATOM} },
{FUNC, "libssh2_channel_exec", {ATOM, SEQUENCE} },
{FUNC, "libssh2_channel_subsystem", {ATOM, SEQUENCE} },
{FUNC, "libssh2_channel_read_ex", {ATOM, INTEGER} },
{FUNC, "libssh2_channel_read", {ATOM} },
{FUNC, "libssh2_channel_read_stderr", {ATOM} },
{FUNC, "libssh2_channel_window_read", {ATOM} },
{FUNC, "libssh2_channel_write", {ATOM, ATOM, INTEGER} },
{FUNC, "libssh2_channel_write_stderr", {ATOM, ATOM, INTEGER} },
{FUNC, "libssh2_channel_window_write", {ATOM} },
{PROC, "libssh2_channel_ignore_extended_data", {ATOM, INTEGER} },
{FUNC, "libssh2_channel_flush", {ATOM} },
{FUNC, "libssh2_channel_flush_stderr", {ATOM} },
{FUNC, "libssh2_scp_send", {ATOM, ATOM, INTEGER, INTEGER} },
{FUNC, "libssh2_scp_send64", {ATOM, ATOM, INTEGER, ATOM, ATOM, ATOM} },
{FUNC, "libssh2_scp_recv", {ATOM, ATOM, ATOM} },
