{FUNC, "peeks", {OBJECT} },
{PROC, "poke2", {ATOM, OBJECT} },
{FUNC, "peek2u", {OBJECT} },
{FUNC, "peek2s", {OBJECT} },
{PROC, "poke8", {ATOM, OBJECT} },
{FUNC, "peek8u", {OBJECT} },
{FUNC, "peek8s", {OBJECT} },
{PROC, "poke_float", {ATOM, ATOM} },
{FUNC, "peek_float", {ATOM} },
{PROC, "poke_double", {ATOM, ATOM} },
{FUNC, "peek_double", {ATOM} },
{PROC, "poke_pointer", {ATOM, OBJECT} },
{FUNC, "peek_pointer", {OBJECT} },
{PROC, "poke_string", {ATOM, INTEGER, SEQUENCE} },
{FUNC, "peek_string", {ATOM} },
{FUNC, "allocate_wstring", {SEQUENCE} },
{PROC, "poke_wstring", {ATOM, INTEGER, SEQUENCE} },
{FUNC, "peek_wstring", {ATOM} },
{FUNC, "allocate_plist", {SEQUENCE} },
{PROC, "poke_plist", {ATOM, SEQUENCE} },
{FUNC, "peek_plist", {ATOM} },
{PROC, "free_plist", {ATOM} },
{FUNC, "allocate_string_list", {SEQUENCE} },
{FUNC, "peek_string_list", {ATOM, SEQUENCE} },
{PROC, "free_string_list", {ATOM} },
{FUNC, "cdecl_callback", {INTEGER} },
{FUNC, "byte_to_word", {ATOM, ATOM} },
{FUNC, "high_byte", {ATOM} },
{FUNC, "low_byte", {ATOM} },
{FUNC, "word_to_dword", {ATOM, ATOM} },
{FUNC, "hi_word", {ATOM} },
{FUNC, "lo_word", {ATOM} },
{FUNC, "higher_bits", {INTEGER, INTEGER} },
{FUNC, "lower_bits", {INTEGER, INTEGER} },
{FUNC, "join_bits", {INTEGER, INTEGER, INTEGER} },
{FUNC, "or_all", {OBJECT} },
{FUNC, "shift_bits", {OBJECT, INTEGER} },
{FUNC, "rotate_bits", {OBJECT, INTEGER} },
