{FUNC, "abs", {OBJECT} },
{FUNC, "sign", {OBJECT} },
{FUNC, "max", {OBJECT} },
{FUNC, "min", {OBJECT} },
{FUNC, "is_in_range", {ATOM, ATOM, ATOM} },
{FUNC, "mod", {OBJECT, OBJECT} },
{FUNC, "trunc", {OBJECT} },
{FUNC, "frac", {OBJECT} },
{FUNC, "ceil", {OBJECT} },
{FUNC, "intdiv", {OBJECT, OBJECT} },
{FUNC, "round", {OBJECT, SEQUENCE} },
{FUNC, "rad2deg", {OBJECT} },
{FUNC, "deg2rad", {OBJECT} },
{FUNC, "log10", {OBJECT} },
{FUNC, "exp", {OBJECT} },
{FUNC, "fib", {INTEGER} },
{FUNC, "cosh", {OBJECT} },
{FUNC, "sinh", {OBJECT} },
{FUNC, "tanh", {OBJECT} },
{FUNC, "arcsinh", {OBJECT} },
{FUNC, "arccosh", {"not_below_1"} },
{FUNC, "arctanh", {"abs_below_1"} },
{FUNC, "sum", {OBJECT} },
{FUNC, "product", {OBJECT} },
{FUNC, "gcd", {ATOM, ATOM} },
{FUNC, "approx", {OBJECT, OBJECT, SEQUENCE} },
{FUNC, "is_powerof2", {OBJECT} },
{FUNC, "is_even", {OBJECT} },
{FUNC, "shift_bits", {OBJECT, INTEGER} },
