{FUNC, "rfind", {OBJECT, SEQUENCE, SEQUENCE} },
{FUNC, "find_all", {OBJECT, SEQUENCE, SEQUENCE} },
{FUNC, "match_all", {SEQUENCE, SEQUENCE, SEQUENCE} },
{FUNC, "find_any", {SEQUENCE, SEQUENCE, SEQUENCE} },
{FUNC, "match_any", {SEQUENCE, SEQUENCE, SEQUENCE} },
{FUNC, "find_matching", {INTEGER, SEQUENCE, INTEGER} },
{FUNC, "matching_length", {SEQUENCE, SEQUENCE} },
{FUNC, "nb_occurences", {SEQUENCE, SEQUENCE} },
{FUNC, "max_index", {SEQUENCE} },
{FUNC, "min_index", {SEQUENCE} },
{FUNC, "find_text", {SEQUENCE, SEQUENCE, SEQUENCE, SEQUENCE} },
{FUNC, "find_all_text", {SEQUENCE, SEQUENCE, SEQUENCE, SEQUENCE} },
{FUNC, "get_delimited_text", {SEQUENCE, INTEGER, SEQUENCE} },
{FUNC, "find_in_array", {OBJECT, SEQUENCE, SEQUENCE} },
{FUNC, "vlookup", {OBJECT, SEQUENCE, INTEGER, INTEGER, SEQUENCE} },
{FUNC, "find_common_fields", {SEQUENCE, SEQUENCE, SEQUENCE, SEQUENCE} },
{FUNC, "find_nested", {OBJECT, SEQUENCE} },
{FUNC, "find_all_nested", {OBJECT, SEQUENCE} },
{FUNC, "match_nested", {OBJECT, SEQUENCE} },
{FUNC, "match_all_nested", {OBJECT, SEQUENCE} },
