{FUNC, "trim_head", {SEQUENCE} },
{FUNC, "trim_tail", {SEQUENCE} },
{FUNC, "trim", {SEQUENCE} },
{FUNC, "trim_spaces", {SEQUENCE} },
{FUNC, "pad_head", {SEQUENCE, ATOM} },
{FUNC, "pad_tail", {SEQUENCE, ATOM} },
{FUNC, "left", {SEQUENCE, INTEGER} },
{FUNC, "mid", {SEQUENCE, ATOM, ATOM} },
{FUNC, "right", {SEQUENCE, INTEGER} },
{FUNC, "quote", {SEQUENCE, SEQUENCE} },
{FUNC, "dequote", {SEQUENCE, SEQUENCE} },
{FUNC, "begins", {OBJECT, SEQUENCE} },
{FUNC, "ends", {OBJECT, SEQUENCE} },
{FUNC, "split", {SEQUENCE, OBJECT, SEQUENCE} },
{FUNC, "split_n_convert", {SEQUENCE, OBJECT} },
{FUNC, "join", {SEQUENCE, SEQUENCE} },
{FUNC, "convert_n_join", {SEQUENCE, SEQUENCE} },
{FUNC, "insert", {SEQUENCE, OBJECT, INTEGER} },
{FUNC, "remove", {SEQUENCE, ATOM, ATOM} },
{FUNC, "replace", {SEQUENCE, SEQUENCE, SEQUENCE} },
{FUNC, "replace_all", {SEQUENCE, SEQUENCE, SEQUENCE} },
{FUNC, "append_if_new", {SEQUENCE, OBJECT} },
{FUNC, "store", {SEQUENCE, SEQUENCE, OBJECT} },
{FUNC, "fetch", {SEQUENCE, SEQUENCE} },
{FUNC, "extract_column", {SEQUENCE, INTEGER} },
