{FUNC, "peek", {OBJECT} },
{FUNC, "peek4s", {OBJECT} },
{FUNC, "peek4u", {OBJECT} },
{PROC, "poke", {ATOM, OBJECT} },
{PROC, "poke4", {ATOM, OBJECT} },
{PROC, "mem_copy", {"machine_addr", "machine_addr", "natural"} },
{PROC, "mem_set", {"machine_addr", ATOM, "natural"} },
{PROC, "check_all_blocks", {} },
{PROC, "call", {ATOM} },
{PROC, "c_proc", {INTEGER, SEQUENCE} },
{FUNC, "c_func", {INTEGER, SEQUENCE} },
{PROC, "register_block", {"machine_addr", "positive_int"} },
{PROC, "unregister_block", {"machine_addr"} },
{FUNC, "allocate", {"positive_int"} },
{FUNC, "allocate_low", {"positive_int"} },
{PROC, "free", {"machine_addr"} },
{PROC, "free_low", {"low_machine_addr"} },
{FUNC, "dos_interrupt", {INTEGER, "register_list"} },
{FUNC, "int_to_bytes", {ATOM} },
{FUNC, "bytes_to_int", {SEQUENCE} },
{FUNC, "int_to_bits", {ATOM, INTEGER} },
{FUNC, "bits_to_int", {SEQUENCE} },
{PROC, "set_rand", {INTEGER} },
{PROC, "use_vesa", {INTEGER} },
{PROC, "crash_message", {SEQUENCE} },
{PROC, "crash_file", {SEQUENCE} },
{PROC, "crash_routine", {INTEGER} },
{PROC, "tick_rate", {ATOM} },
{FUNC, "get_vector", {INTEGER} },
{PROC, "set_vector", {INTEGER, "far_addr"} },
{PROC, "lock_memory", {"machine_addr", "positive_int"} },
{FUNC, "atom_to_float64", {ATOM} },
{FUNC, "atom_to_float32", {ATOM} },
{FUNC, "float64_to_atom", {"sequence_8"} },
{FUNC, "float32_to_atom", {"sequence_4"} },
{FUNC, "allocate_string", {SEQUENCE} },
