{FUNC, "WSAStartup", {} },
{FUNC, "WSACleanup", {} },
{FUNC, "WSAGetLastError", {} },
{FUNC, "htonl", {ATOM} },
{FUNC, "htons", {ATOM} },
{FUNC, "socket", {INTEGER, INTEGER, INTEGER} },
{FUNC, "setsockopt", {INTEGER, INTEGER, OBJECT} },
{FUNC, "gethostbyname", {SEQUENCE} },
{FUNC, "sockaddr_in", {INTEGER, SEQUENCE, INTEGER} },
{FUNC, "bind", {INTEGER, SEQUENCE} },
{FUNC, "connect", {INTEGER, SEQUENCE} },
{FUNC, "listen", {INTEGER, INTEGER} },
{FUNC, "accept", {INTEGER} },
{FUNC, "select", {SEQUENCE, SEQUENCE, SEQUENCE, SEQUENCE} },
{FUNC, "getsockname", {INTEGER} },
{FUNC, "getpeername", {INTEGER} },
{FUNC, "send", {INTEGER, SEQUENCE} },
{FUNC, "sendto", {INTEGER, SEQUENCE, INTEGER, SEQUENCE} },
{FUNC, "recv", {INTEGER, INTEGER} },
{FUNC, "closesocket", {INTEGER} },
