{FUNC, "buildDefaultOfn", {INTEGER, SEQUENCE, SEQUENCE, ATOM} },
{FUNC, "getOpenFileName", {INTEGER, SEQUENCE, SEQUENCE} },
{FUNC, "getOpenFileNameEx", {INTEGER, SEQUENCE, SEQUENCE, SEQUENCE} },
{FUNC, "getSaveFileName", {INTEGER, SEQUENCE, SEQUENCE} },
{FUNC, "deleteFile", {SEQUENCE} },
{FUNC, "moveFile", {SEQUENCE, SEQUENCE} },
{FUNC, "copyFile", {SEQUENCE, SEQUENCE, INTEGER} },
{FUNC, "createDirectory", {SEQUENCE} },
{FUNC, "getPathFromIDList", {ATOM} },
{FUNC, "selectDirectory", {OBJECT, OBJECT, ATOM, ATOM} },
{FUNC, "getTempPath", {} },
{FUNC, "getTempFile", {OBJECT, SEQUENCE} },
{FUNC, "getFileInfo", {OBJECT, OBJECT, OBJECT} },
{FUNC, "setFileAttr", {SEQUENCE, ATOM} },
{FUNC, "getCurrentDirectory", {} },
{PROC, "setCurrentDirectory", {SEQUENCE} },
{FUNC, "getFullPathName", {SEQUENCE, INTEGER} },
{FUNC, "setSearchPaths", {SEQUENCE} },
{FUNC, "w32FileOpen", {SEQUENCE, SEQUENCE} },
{FUNC, "w32FindFile", {SEQUENCE} },
