{FUNC, "w32llSetAbort", {OBJECT} },
{FUNC, "w32peek2", {OBJECT} },
{FUNC, "w32peek_string", {ATOM} },
{FUNC, "w32peek_string16", {ATOM} },
{PROC, "w32manage_mem", {ATOM, OBJECT} },
{PROC, "w32release_mem", {ATOM} },
{FUNC, "w32CurrentStructure", {} },
{FUNC, "w32NextStructure", {} },
{FUNC, "w32define_union", {SEQUENCE, INTEGER, INTEGER} },
{FUNC, "w32specialise", {SEQUENCE, OBJECT} },
{FUNC, "w32allotted_handle", {SEQUENCE} },
{FUNC, "w32allotted_length", {SEQUENCE} },
{FUNC, "w32allotted_buffer", {SEQUENCE} },
{FUNC, "w32buffer_address", {ATOM, SEQUENCE} },
{FUNC, "w32buffer_length", {ATOM, SEQUENCE} },
{FUNC, "w32allotted_sofar", {} },
{FUNC, "w32acquire_mem", {ATOM, OBJECT} },
{FUNC, "w32new_memset", {} },
{FUNC, "w32acquire_handle", {ATOM, INTEGER} },
{FUNC, "w32handle_to_memory", {ATOM} },
{PROC, "w32release_handle", {ATOM, INTEGER} },
{FUNC, "w32allot", {OBJECT} },
{FUNC, "w32allotted_size", {} },
{FUNC, "w32define_this_struct", {} },
{FUNC, "w32address", {ATOM, OBJECT} },
{PROC, "w32copy_field", {ATOM, SEQUENCE, ATOM} },
{PROC, "w32copy_struct", {ATOM, SEQUENCE, ATOM} },
{PROC, "w32poke_words", {ATOM, OBJECT} },
{PROC, "w32store", {ATOM, SEQUENCE, OBJECT} },
{FUNC, "w32fetch", {ATOM, SEQUENCE} },
{FUNC, "w32realise", {ATOM, INTEGER} },
{FUNC, "w32from_memoryEx", {ATOM, SEQUENCE, INTEGER} },
{FUNC, "w32from_memory", {ATOM, SEQUENCE} },
{PROC, "w32set_memory", {ATOM, SEQUENCE, SEQUENCE} },
{FUNC, "w32to_memoryEx", {ATOM, SEQUENCE, OBJECT, INTEGER} },
{FUNC, "w32to_memory", {ATOM, SEQUENCE, OBJECT} },
{PROC, "setPreprocessDataIn", {SEQUENCE, INTEGER} },
{PROC, "setStartWithSize", {SEQUENCE} },
{FUNC, "isFieldOf", {SEQUENCE, SEQUENCE} },
