{FUNC, "setFontWeight", {INTEGER} },
{PROC, "deleteObject", {OBJECT} },
{FUNC, "findTrackedObject", {OBJECT, SEQUENCE} },
{FUNC, "getTrackedObject", {OBJECT} },
{PROC, "trackObject", {OBJECT, OBJECT, INTEGER} },
{PROC, "replaceObject", {OBJECT, INTEGER, ATOM, ATOM, INTEGER} },
{FUNC, "loadCursor", {SEQUENCE} },
{PROC, "releasePrinter", {} },
{FUNC, "getDefaultPrinterName", {} },
{FUNC, "getPrinterName", {} },
{FUNC, "queryDevice", {OBJECT, INTEGER} },
{FUNC, "setPrintJobProperty", {INTEGER, OBJECT} },
{FUNC, "getPrintChoice", {INTEGER, OBJECT, ATOM} },
{FUNC, "getPrinter", {} },
{FUNC, "getPageSetupEx", {OBJECT, ATOM} },
{PROC, "getDefaultPrinter", {} },
{PROC, "newPrinter", {SEQUENCE, INTEGER} },
{FUNC, "getPageSetup", {} },
{PROC, "checkPrinter", {INTEGER} },
{FUNC, "startDoc", {SEQUENCE} },
{FUNC, "endDoc", {} },
{PROC, "abortDoc", {} },
{FUNC, "startPage", {} },
{FUNC, "endPage", {} },
{FUNC, "getDC", {OBJECT} },
{PROC, "releaseDC", {ATOM} },
{FUNC, "convPointsToLogical", {OBJECT, OBJECT, INTEGER} },
{FUNC, "getFontPointSize", {OBJECT} },
{FUNC, "EzCreateFont", {INTEGER, ATOM, SEQUENCE, OBJECT, ATOM, OBJECT, INTEGER, ATOM} },
{FUNC, "getIdFromDC", {ATOM} },
{PROC, "setStartupFont", {INTEGER} },
{FUNC, "getPixel", {INTEGER, INTEGER, INTEGER} },
{PROC, "setPixel", {INTEGER, INTEGER, INTEGER, OBJECT} },
{PROC, "drawLine", {INTEGER, INTEGER, INTEGER, INTEGER, INTEGER} },
{PROC, "drawLines", {INTEGER, SEQUENCE} },
{PROC, "drawRectangle", {INTEGER, INTEGER, INTEGER, INTEGER, INTEGER, INTEGER} },
{PROC, "drawRoundRect", {INTEGER, INTEGER, INTEGER, INTEGER, INTEGER, INTEGER, INTEGER, INTEGER} },
{PROC, "drawEllipse", {INTEGER, INTEGER, INTEGER, INTEGER, INTEGER, INTEGER} },
{PROC, "drawArc", {INTEGER, INTEGER, INTEGER, INTEGER, INTEGER, INTEGER, INTEGER, INTEGER, INTEGER, INTEGER} },
{PROC, "drawChord", {INTEGER, INTEGER, INTEGER, INTEGER, INTEGER, INTEGER, INTEGER, INTEGER, INTEGER, INTEGER} },
{PROC, "drawPie", {INTEGER, INTEGER, INTEGER, INTEGER, INTEGER, INTEGER, INTEGER, INTEGER, INTEGER, INTEGER} },
{PROC, "drawPolygon", {INTEGER, INTEGER, SEQUENCE} },
{FUNC, "floodFill", {ATOM, INTEGER, INTEGER, OBJECT, INTEGER} },
{FUNC, "loadBitmapFromFile", {SEQUENCE} },
{PROC, "drawBitmap", {INTEGER, OBJECT, INTEGER, INTEGER} },
{FUNC, "textToBitmap", {SEQUENCE} },
{FUNC, "createDIB", {SEQUENCE} },
{FUNC, "loadIconFromFile", {OBJECT} },
{PROC, "setIcon", {OBJECT, OBJECT} },
{PROC, "setBitmap", {INTEGER, OBJECT} },
{FUNC, "split_rgb", {OBJECT} },
{FUNC, "copyToBitmapFile", {INTEGER, SEQUENCE, INTEGER, INTEGER, INTEGER, INTEGER} },
{FUNC, "copyToTrueColorBitmapFile", {INTEGER, SEQUENCE, INTEGER, INTEGER, INTEGER, INTEGER} },
{PROC, "bitBlt", {ATOM, INTEGER, INTEGER, ATOM, INTEGER, INTEGER, INTEGER, INTEGER, INTEGER} },
{PROC, "copyBlt", {ATOM, INTEGER, INTEGER, ATOM} },
{FUNC, "getTransparentColor", {} },
{PROC, "transBlt", {ATOM, INTEGER, INTEGER, OBJECT} },
{PROC, "stretchBlt", {ATOM, INTEGER, INTEGER, INTEGER, INTEGER, ATOM, INTEGER, INTEGER, INTEGER, INTEGER, INTEGER} },
{PROC, "setTransparentColor", {OBJECT} },
{FUNC, "getRandInt", {ATOM, ATOM} },
{PROC, "setDefaultFont", {INTEGER} },
{PROC, "printRichText", {INTEGER, INTEGER, INTEGER, INTEGER, SEQUENCE, INTEGER} },
{PROC, "printRichTextPages", {INTEGER, SEQUENCE, INTEGER, OBJECT} },
{PROC, "restoreMousePointer", {OBJECT} },
{PROC, "setMousePointer", {OBJECT, OBJECT} },
{PROC, "changeMousePointer", {OBJECT, OBJECT} },
{FUNC, "createMousePointer", {INTEGER, INTEGER, SEQUENCE} },
