{FUNC, "get_bits", {ATOM} },
{FUNC, "signed_word", {ATOM} },
{FUNC, "pack_word", {INTEGER, INTEGER} },
{FUNC, "lo_word", {ATOM} },
{FUNC, "hi_word", {ATOM} },
{FUNC, "abs", {OBJECT} },
{FUNC, "shortInt", {ATOM} },
{FUNC, "TextToNumber", {SEQUENCE} },
{FUNC, "or_all", {OBJECT} },
{FUNC, "findKey", {OBJECT, SEQUENCE} },
{FUNC, "removeIndex", {INTEGER, SEQUENCE} },
{FUNC, "iff", {ATOM, OBJECT, OBJECT} },
{FUNC, "removeItem", {OBJECT, SEQUENCE} },
{FUNC, "llSetAbort", {INTEGER} },
{PROC, "manage_mem", {ATOM, ATOM} },
{FUNC, "acquire_mem", {ATOM, OBJECT} },
{PROC, "release_mem", {ATOM} },
{PROC, "release_all_mem", {} },
{FUNC, "allot", {OBJECT} },
{FUNC, "allotted_handle", {SEQUENCE} },
{FUNC, "allotted_sofar", {} },
{FUNC, "allotted_size", {} },
{PROC, "store", {ATOM, SEQUENCE, OBJECT} },
{FUNC, "peek_string", {ATOM} },
{FUNC, "fetch", {ATOM, SEQUENCE} },
{FUNC, "address", {ATOM, OBJECT} },
{FUNC, "new_memset", {} },
{FUNC, "trim", {SEQUENCE} },
{FUNC, "split", {SEQUENCE, OBJECT} },
{FUNC, "lookup", {OBJECT, SEQUENCE, SEQUENCE} },
{FUNC, "CType", {INTEGER, OBJECT} },
{FUNC, "GetCType", {OBJECT} },
{PROC, "SetCType", {OBJECT, OBJECT} },
