{FUNC, "w32to_string", {OBJECT} },
{FUNC, "w32get_bits", {ATOM} },
{FUNC, "w32signed_word", {ATOM} },
{FUNC, "w32pack_word", {INTEGER, INTEGER} },
{FUNC, "w32lo_word", {ATOM} },
{FUNC, "w32hi_word", {ATOM} },
{FUNC, "w32abs", {OBJECT} },
{FUNC, "w32unpack_dword", {ATOM} },
{FUNC, "w32shortInt", {ATOM} },
{FUNC, "w32remainder", {OBJECT, OBJECT} },
{FUNC, "w32average", {SEQUENCE, OBJECT} },
{FUNC, "w32round", {OBJECT, OBJECT, INTEGER} },
{FUNC, "setDecimalMark", {INTEGER} },
{FUNC, "w32TextToNumber", {SEQUENCE} },
{FUNC, "w32or_all", {OBJECT} },
{FUNC, "w32findKeyEx", {OBJECT, OBJECT, OBJECT} },
{FUNC, "w32findKey", {OBJECT, SEQUENCE} },
{FUNC, "w32removeIndex", {INTEGER, SEQUENCE} },
{FUNC, "w32lookup", {OBJECT, SEQUENCE, SEQUENCE} },
{FUNC, "w32iff", {ATOM, OBJECT, OBJECT} },
{FUNC, "w32removeItem", {OBJECT, SEQUENCE} },
{FUNC, "w32insertElement", {SEQUENCE, INTEGER, OBJECT} },
{FUNC, "w32replaceItem", {SEQUENCE, OBJECT, OBJECT} },
{FUNC, "w32ordered_find", {OBJECT, SEQUENCE, INTEGER} },
{FUNC, "w32index", {SEQUENCE} },
{FUNC, "w32index_by", {SEQUENCE, INTEGER} },
{FUNC, "w32trim", {OBJECT} },
{FUNC, "w32trim_right", {SEQUENCE} },
{FUNC, "w32trim_left", {SEQUENCE} },
{FUNC, "w32split", {SEQUENCE, OBJECT} },
{FUNC, "w32join", {SEQUENCE, OBJECT, INTEGER} },
{FUNC, "w32MinSequenceSize", {SEQUENCE, INTEGER, OBJECT} },
{FUNC, "w32bounds", {SEQUENCE, INTEGER, INTEGER} },
{FUNC, "w32CType", {INTEGER, OBJECT} },
{FUNC, "w32GetCType", {OBJECT} },
{PROC, "w32SetCType", {OBJECT, OBJECT} },
{PROC, "addToCType", {OBJECT, OBJECT} },
{PROC, "removeFromCType", {OBJECT, OBJECT} },
{FUNC, "w32Encode", {SEQUENCE, SEQUENCE, INTEGER} },
{FUNC, "w32MaxWidth", {OBJECT} },
{FUNC, "w32ToString", {OBJECT} },
{FUNC, "w32extract_formats", {SEQUENCE} },
{FUNC, "w32rand32", {ATOM} },
{FUNC, "w32rectangle_delta", {OBJECT, OBJECT, INTEGER} },
