{FUNC, "w32routine_id", {SEQUENCE} },
{PROC, "registerRoutine", {SEQUENCE, INTEGER} },
{FUNC, "getAppState", {} },
{FUNC, "setEndAction", {INTEGER} },
{FUNC, "getSelf", {} },
{FUNC, "getSystemMetrics", {OBJECT} },
{PROC, "setPointerPos", {SEQUENCE} },
{FUNC, "getWheelScrollLines", {} },
{FUNC, "getPointerPos", {} },
{PROC, "clickPointerLeft", {} },
{PROC, "dragPointerTo", {SEQUENCE} },
{FUNC, "getWinVersion", {} },
{FUNC, "getSysColor", {ATOM} },
{FUNC, "UseColor", {ATOM} },
{FUNC, "rgb", {INTEGER, INTEGER, INTEGER} },
{FUNC, "classDefaults", {INTEGER, SEQUENCE} },
{FUNC, "getMainWindow", {} },
{FUNC, "setMainWindow", {INTEGER} },
{FUNC, "getRecent", {INTEGER} },
{FUNC, "validId", {OBJECT} },
{FUNC, "getHandles", {} },
{FUNC, "getId", {OBJECT} },
{FUNC, "getHWND", {OBJECT} },
{FUNC, "getHandle", {OBJECT} },
{FUNC, "getIdName", {INTEGER} },
{FUNC, "makeStandardName", {SEQUENCE} },
{PROC, "setIdName", {INTEGER, SEQUENCE} },
{FUNC, "getNameId", {SEQUENCE} },
{FUNC, "getNameIdInContext", {SEQUENCE, OBJECT} },
{FUNC, "sendMessage", {OBJECT, ATOM, OBJECT, OBJECT} },
{PROC, "returnValue", {OBJECT} },
{PROC, "resetReturnValue", {} },
{FUNC, "getReturnValue", {} },
{FUNC, "setCallback", {INTEGER} },
{FUNC, "invokeHandler", {INTEGER, INTEGER, SEQUENCE} },
{PROC, "setHandler", {OBJECT, OBJECT, OBJECT} },
{PROC, "setProtectedHandler", {INTEGER, INTEGER, OBJECT} },
{FUNC, "setHandlerProtection", {INTEGER, INTEGER, INTEGER} },
{FUNC, "enableHandler", {OBJECT, OBJECT, OBJECT, INTEGER} },
{FUNC, "getHandler", {INTEGER, INTEGER} },
{PROC, "removeHandler", {OBJECT, OBJECT, OBJECT} },
{FUNC, "colorValue", {OBJECT} },
{FUNC, "ansiLower", {OBJECT} },
{FUNC, "ansiUpper", {SEQUENCE} },
{FUNC, "newColor", {"w32string", OBJECT} },
{FUNC, "getStyleFlags", {INTEGER} },
{PROC, "removeStyle", {INTEGER, OBJECT} },
{PROC, "addStyle", {INTEGER, OBJECT} },
{FUNC, "controlStyle", {INTEGER, OBJECT, INTEGER, INTEGER} },
{FUNC, "ClientToScreen", {INTEGER, INTEGER, INTEGER} },
{FUNC, "ScreenToClient", {INTEGER, INTEGER, INTEGER} },
{FUNC, "clientToClient", {INTEGER, INTEGER, SEQUENCE} },
{FUNC, "isTopLevelWindow", {INTEGER} },
{FUNC, "findParentWindow", {INTEGER} },
{FUNC, "convPctToPixel", {INTEGER, OBJECT, OBJECT, OBJECT, OBJECT} },
{PROC, "setReadOnly", {INTEGER, INTEGER} },
{FUNC, "getWindowInfo", {INTEGER, SEQUENCE} },
{FUNC, "getControlInfo", {INTEGER, OBJECT} },
{FUNC, "findChildren", {INTEGER} },
{PROC, "setPenColor", {INTEGER, OBJECT} },
{FUNC, "getCtlSize", {ATOM} },
{FUNC, "isScreenPointIn", {INTEGER, INTEGER, INTEGER} },
{FUNC, "inMenuBar", {INTEGER} },
{FUNC, "isDropped", {INTEGER} },
{FUNC, "isVisible", {INTEGER} },
{PROC, "setPixmap", {INTEGER, OBJECT} },
{FUNC, "assignFont", {OBJECT} },
{FUNC, "useLogicalResolution", {INTEGER} },
{PROC, "wPuts", {OBJECT, OBJECT} },
{PROC, "textOut", {ATOM, SEQUENCE} },
{PROC, "wPrintf", {OBJECT, SEQUENCE, OBJECT} },
{PROC, "showChars", {INTEGER} },
{PROC, "wPrint", {INTEGER, OBJECT} },
{PROC, "setAlignment", {INTEGER, INTEGER} },
{PROC, "setBullet", {INTEGER} },
{PROC, "setIndent", {INTEGER, OBJECT, OBJECT, OBJECT} },
{PROC, "setTabs", {INTEGER, SEQUENCE} },
{FUNC, "setErasePolicy", {INTEGER, INTEGER} },
{FUNC, "findText", {INTEGER, SEQUENCE, OBJECT, INTEGER} },
{PROC, "getFRText", {OBJECT, INTEGER, OBJECT} },
{PROC, "getFindText", {OBJECT} },
{PROC, "getReplaceText", {OBJECT} },
{FUNC, "getStream", {INTEGER, INTEGER} },
{PROC, "putStream", {INTEGER, INTEGER, SEQUENCE} },
{FUNC, "setReBarAutoSizing", {INTEGER} },
{FUNC, "getFontMetric", {INTEGER, SEQUENCE} },
{FUNC, "getFontSize", {INTEGER} },
{FUNC, "getTextHeight", {INTEGER, SEQUENCE} },
{FUNC, "getTextWidth", {INTEGER, SEQUENCE} },
{FUNC, "getTextExtent", {INTEGER, SEQUENCE} },
{FUNC, "getCharExtent", {INTEGER} },
{PROC, "setTextAlign", {INTEGER, INTEGER} },
{FUNC, "adjustBrightness", {ATOM, ATOM} },
{FUNC, "mixColors", {SEQUENCE, OBJECT, INTEGER} },
{FUNC, "fillRectangle", {INTEGER, OBJECT, INTEGER, OBJECT, INTEGER} },
{PROC, "repaintWindow", {INTEGER} },
{PROC, "repaintFG", {INTEGER} },
{PROC, "repaintRect", {INTEGER, INTEGER, INTEGER, INTEGER, INTEGER} },
{PROC, "clearWindow", {INTEGER} },
{PROC, "setBackground", {OBJECT, INTEGER, OBJECT} },
{PROC, "setWindowBackColor", {OBJECT, OBJECT} },
{FUNC, "getMenuPosn", {INTEGER} },
{FUNC, "setMenuItemBitmaps", {INTEGER, OBJECT} },
{FUNC, "getCount", {ATOM} },
{FUNC, "setAppName", {SEQUENCE} },
{FUNC, "getAppName", {} },
{FUNC, "findWindow", {OBJECT, OBJECT} },
{FUNC, "getClassName", {INTEGER} },
{PROC, "setTextColor", {INTEGER, OBJECT} },
{PROC, "setFont", {OBJECT, SEQUENCE, OBJECT, OBJECT} },
{FUNC, "setCreateFont", {SEQUENCE, ATOM, OBJECT, ATOM} },
{FUNC, "adjustCreateFont", {SEQUENCE} },
{FUNC, "getSelectionFont", {INTEGER} },
{PROC, "createWindow", {OBJECT, SEQUENCE, ATOM, ATOM, ATOM, ATOM, ATOM, OBJECT, OBJECT} },
{PROC, "makeFront", {OBJECT} },
{FUNC, "addEuBmp", {OBJECT} },
{FUNC, "addDIB", {OBJECT} },
{FUNC, "addXpm", {SEQUENCE} },
{FUNC, "getActiveWindow", {} },
{FUNC, "findParent", {OBJECT} },
{FUNC, "getParent", {OBJECT} },
{FUNC, "getChildren", {INTEGER} },
{FUNC, "removeMenu", {INTEGER, INTEGER, INTEGER, INTEGER} },
{FUNC, "attachMenuHandle", {ATOM, INTEGER, OBJECT, SEQUENCE} },
{FUNC, "setParent", {INTEGER, INTEGER, OBJECT} },
{PROC, "registerHotKey", {INTEGER, OBJECT} },
{FUNC, "getFontDialogEx", {INTEGER, ATOM, OBJECT} },
{FUNC, "getFontDialog", {INTEGER} },
{FUNC, "struct_LVCOLUMN", {ATOM, ATOM, ATOM, OBJECT, OBJECT} },
{PROC, "setColumn", {INTEGER, INTEGER, OBJECT} },
{FUNC, "getColumnHeadings", {INTEGER} },
{PROC, "setColumnHeadings", {INTEGER, SEQUENCE} },
{PROC, "insertLVColumn", {ATOM, INTEGER, ATOM, ATOM, ATOM, OBJECT, OBJECT} },
{PROC, "deleteLVColumn", {ATOM, INTEGER} },
{FUNC, "setLVImage", {INTEGER, ATOM} },
{FUNC, "insertLVItem", {INTEGER, ATOM, ATOM, ATOM, ATOM, ATOM, OBJECT, ATOM, OBJECT} },
{PROC, "setLVItemEx", {ATOM, ATOM, ATOM, ATOM, ATOM, ATOM, OBJECT, ATOM, OBJECT, INTEGER} },
{PROC, "setLVItem", {ATOM, ATOM, ATOM, ATOM, ATOM, ATOM, OBJECT, ATOM, OBJECT} },
{PROC, "setLVItemText", {INTEGER, INTEGER, INTEGER, OBJECT} },
{PROC, "setImageList", {INTEGER, ATOM, ATOM} },
{FUNC, "addIcon", {OBJECT} },
{PROC, "setToolBarSize", {INTEGER, OBJECT, OBJECT} },
{FUNC, "setLVInsert", {OBJECT} },
{FUNC, "addLVItem", {OBJECT, ATOM, SEQUENCE} },
{FUNC, "getLVItem", {INTEGER, ATOM} },
{FUNC, "getLVItemText", {INTEGER, INTEGER, OBJECT} },
{FUNC, "getLVAllText", {INTEGER, INTEGER} },
{FUNC, "getLVCount", {INTEGER} },
{FUNC, "getLVChecked", {INTEGER, INTEGER} },
{FUNC, "getLVAllChecked", {INTEGER} },
{PROC, "setLVChecked", {INTEGER, INTEGER, ATOM} },
{FUNC, "extractIcon", {SEQUENCE} },
{FUNC, "getLVSelectedCount", {INTEGER} },
{FUNC, "getLVItemlParam", {INTEGER, INTEGER} },
{FUNC, "getLVSelected", {OBJECT} },
{FUNC, "getLVSelectedText", {OBJECT} },
{FUNC, "idToIndex", {OBJECT} },
{FUNC, "indexToId", {INTEGER, OBJECT} },
{PROC, "setLVItemlParam", {INTEGER, INTEGER, OBJECT} },
{FUNC, "deleteItem", {ATOM, INTEGER} },
{PROC, "deleteTVChildren", {INTEGER, INTEGER} },
{FUNC, "getTVChildren", {INTEGER, INTEGER} },
{FUNC, "getTVParent", {INTEGER} },
{FUNC, "addTVItem", {INTEGER, ATOM, ATOM, SEQUENCE, INTEGER} },
{FUNC, "getTVIndex", {INTEGER} },
{FUNC, "getTVText", {INTEGER} },
{FUNC, "getTVSelectedText", {INTEGER} },
{PROC, "setTVText", {INTEGER, SEQUENCE} },
{PROC, "setTVImages", {INTEGER, ATOM, ATOM} },
{PROC, "expandItem", {INTEGER} },
{PROC, "collapseItem", {INTEGER} },
{PROC, "toggleItem", {INTEGER} },
{PROC, "defineUserProperty", {OBJECT, OBJECT, OBJECT} },
{PROC, "setUserProperty", {OBJECT, OBJECT, OBJECT} },
{PROC, "resetUserProperty", {OBJECT, OBJECT} },
{FUNC, "getUserProperty", {OBJECT, OBJECT} },
{PROC, "deleteUserProperty", {OBJECT, OBJECT} },
{PROC, "closeWindow", {INTEGER} },
{PROC, "autoclose", {INTEGER, INTEGER, SEQUENCE} },
{PROC, "setControlBlocks", {INTEGER} },
{FUNC, "createMouseTrap", {INTEGER, OBJECT} },
{PROC, "updateMouseTrap", {INTEGER, INTEGER, OBJECT} },
{PROC, "deleteMouseTrap", {INTEGER, INTEGER} },
{PROC, "enableMouseTrap", {INTEGER, OBJECT, INTEGER} },
{PROC, "filterMouseTrap", {INTEGER, OBJECT, OBJECT} },
{PROC, "zorderMouseTrap", {INTEGER, INTEGER, INTEGER} },
{PROC, "setTagMouseTrap", {INTEGER, INTEGER, OBJECT} },
{FUNC, "getTagMouseTrap", {INTEGER, INTEGER} },
{FUNC, "getMouseTrap", {INTEGER, INTEGER} },
{FUNC, "hitMouseTrap", {INTEGER, INTEGER, INTEGER, INTEGER} },
{FUNC, "getMenuBar", {INTEGER, INTEGER} },
{FUNC, "subClassControl", {SEQUENCE, ATOM} },
{FUNC, "setAutoFocusLabels", {INTEGER} },
{FUNC, "setKbdInput", {INTEGER, OBJECT} },
{FUNC, "getWindowRect", {INTEGER} },
{PROC, "setSubFields", {INTEGER, SEQUENCE} },
{FUNC, "createEx", {OBJECT, SEQUENCE, ATOM, OBJECT, OBJECT, OBJECT, OBJECT, OBJECT, OBJECT} },
{FUNC, "create", {INTEGER, SEQUENCE, ATOM, OBJECT, OBJECT, OBJECT, OBJECT, OBJECT} },
{FUNC, "setTabImage", {INTEGER, OBJECT} },
{PROC, "showMessage", {SEQUENCE} },
{PROC, "destroy", {INTEGER} },
{PROC, "setPenPos", {INTEGER, OBJECT, OBJECT} },
{FUNC, "getRect", {ATOM} },
{FUNC, "getClientSize", {INTEGER} },
{FUNC, "getClientPoint", {INTEGER, OBJECT, OBJECT} },
{FUNC, "getPosition", {ATOM} },
{PROC, "setWindowRect", {INTEGER, SEQUENCE} },
{FUNC, "getClientRect", {INTEGER} },
{PROC, "insertText", {INTEGER, SEQUENCE} },
{PROC, "appendText", {INTEGER, SEQUENCE} },
{PROC, "setText", {OBJECT, OBJECT} },
{PROC, "setSelectedText", {INTEGER, SEQUENCE} },
{FUNC, "drawText", {INTEGER, OBJECT, OBJECT, OBJECT, INTEGER, INTEGER, INTEGER} },
{FUNC, "textRect", {INTEGER, OBJECT, OBJECT, OBJECT, INTEGER, INTEGER, INTEGER} },
{FUNC, "getCaption", {INTEGER} },
{FUNC, "getCharacterCount", {INTEGER, INTEGER} },
{FUNC, "getData", {OBJECT} },
{FUNC, "getText", {OBJECT} },
{FUNC, "getValues", {INTEGER, SEQUENCE} },
{FUNC, "getNumber", {INTEGER} },
{FUNC, "getSelectedText", {INTEGER} },
{PROC, "addToBand", {INTEGER, INTEGER} },
{FUNC, "getSystemTime", {} },
{FUNC, "getLocalTime", {} },
{FUNC, "getSelectedDate", {INTEGER} },
{PROC, "setSelectedDate", {INTEGER, INTEGER, INTEGER, INTEGER} },
{FUNC, "getSelectedDateRange", {INTEGER} },
{PROC, "setSelectedDateRange", {INTEGER, SEQUENCE, SEQUENCE} },
{PROC, "setMaxDateRange", {INTEGER, INTEGER} },
{PROC, "setMonthColor", {INTEGER, OBJECT, ATOM} },
{FUNC, "formatDate", {SEQUENCE, INTEGER} },
{FUNC, "getToday", {INTEGER} },
{PROC, "setToday", {INTEGER, INTEGER, INTEGER, INTEGER} },
{PROC, "setBuddy", {INTEGER, INTEGER} },
{FUNC, "getTabItem", {INTEGER} },
{PROC, "setVisible", {OBJECT, ATOM} },
{PROC, "setEnable", {OBJECT, ATOM} },
{FUNC, "isEnabled", {INTEGER} },
{FUNC, "isMinimized", {INTEGER} },
{FUNC, "isMaximized", {INTEGER} },
{PROC, "defineMenuRadioGroup", {SEQUENCE} },
{PROC, "setCheck", {OBJECT, INTEGER} },
{FUNC, "isChecked", {OBJECT} },
{PROC, "limitText", {INTEGER, INTEGER} },
{FUNC, "canFocus", {OBJECT, INTEGER} },
{PROC, "classAutoSelect", {OBJECT, INTEGER} },
{PROC, "cut", {INTEGER} },
{PROC, "copy", {INTEGER} },
{PROC, "paste", {INTEGER} },
{PROC, "clear", {INTEGER} },
{PROC, "undo", {INTEGER} },
{FUNC, "setClipboard", {OBJECT, INTEGER, INTEGER, INTEGER} },
{FUNC, "getClipboard", {INTEGER} },
{PROC, "addItem", {INTEGER, SEQUENCE} },
{FUNC, "insertItem", {INTEGER, SEQUENCE, INTEGER} },
{FUNC, "setListHScroll", {ATOM} },
{FUNC, "getEdit", {INTEGER} },
{FUNC, "getIndex", {ATOM} },
{FUNC, "getSelection", {ATOM} },
{PROC, "setIndex", {ATOM, OBJECT} },
{FUNC, "autoSelect", {OBJECT, INTEGER} },
{PROC, "setSelection", {ATOM, OBJECT} },
{FUNC, "getRichText", {INTEGER, OBJECT} },
{FUNC, "getCharacterAt", {INTEGER, OBJECT, OBJECT} },
{FUNC, "getLine", {INTEGER, INTEGER, INTEGER} },
{FUNC, "charToIndex", {INTEGER, INTEGER, INTEGER} },
{FUNC, "indexToLine", {INTEGER, INTEGER} },
{FUNC, "getCharacterPosition", {INTEGER, INTEGER, INTEGER} },
{FUNC, "getVisibleLines", {INTEGER} },
{PROC, "insertTextAt", {INTEGER, SEQUENCE, OBJECT} },
{PROC, "deleteLine", {INTEGER, INTEGER} },
{FUNC, "getItem", {ATOM, OBJECT} },
{FUNC, "getLastMsg", {OBJECT} },
{FUNC, "findItem", {ATOM, SEQUENCE, INTEGER} },
{FUNC, "getMultIndices", {ATOM} },
{FUNC, "getMultItems", {ATOM} },
{PROC, "eraseItems", {ATOM} },
{PROC, "setScrollChange", {OBJECT, ATOM, ATOM} },
{FUNC, "getScrollChange", {OBJECT} },
{PROC, "setWindowScrollRange", {INTEGER, INTEGER, ATOM, ATOM, ATOM} },
{PROC, "setScrollRange", {OBJECT, ATOM, ATOM} },
{FUNC, "getScrollRange", {OBJECT} },
{PROC, "setScrollPos", {OBJECT, OBJECT} },
{PROC, "setVScrollPos", {INTEGER, ATOM} },
{PROC, "setHScrollPos", {INTEGER, ATOM} },
{FUNC, "getScrollPos", {OBJECT} },
{FUNC, "getThumbPos", {OBJECT} },
{FUNC, "getVScrollPos", {INTEGER} },
{FUNC, "getHScrollPos", {INTEGER} },
{PROC, "setAcceleration", {INTEGER, SEQUENCE} },
{PROC, "setBackColor", {INTEGER, OBJECT} },
{PROC, "setPenWidth", {INTEGER, INTEGER} },
{PROC, "setPenStyle", {INTEGER, ATOM} },
{PROC, "setPenMode", {INTEGER, ATOM} },
{PROC, "setPenBkMode", {INTEGER, ATOM} },
{PROC, "setPenBkColor", {INTEGER, OBJECT} },
{PROC, "setPenBrushColor", {INTEGER, OBJECT} },
{PROC, "setCtlSize", {INTEGER, OBJECT, OBJECT} },
{PROC, "setRect", {INTEGER, OBJECT, OBJECT, OBJECT, OBJECT, INTEGER} },
{PROC, "setCtlPosition", {INTEGER, OBJECT, OBJECT} },
{PROC, "setClientRect", {INTEGER, OBJECT, OBJECT} },
{PROC, "moveZOrder", {INTEGER, ATOM} },
{PROC, "refreshWindow", {OBJECT} },
{PROC, "distributeControls", {SEQUENCE, INTEGER, OBJECT} },
{PROC, "sizeControls", {OBJECT, OBJECT, OBJECT} },
{PROC, "alignControls", {OBJECT, OBJECT, OBJECT} },
{PROC, "popup", {OBJECT, OBJECT, OBJECT} },
{PROC, "captureMouse", {INTEGER} },
{PROC, "releaseMouse", {} },
{PROC, "setTimer", {INTEGER, INTEGER, ATOM} },
{PROC, "killTimer", {INTEGER, INTEGER} },
{PROC, "setDragPointer", {OBJECT} },
{FUNC, "getColorDialog", {ATOM, OBJECT} },
{FUNC, "setTabStops", {INTEGER, OBJECT} },
{PROC, "tab_direction", {INTEGER, INTEGER} },
{FUNC, "setTabCodes", {OBJECT} },
{FUNC, "setTabEnabled", {INTEGER, INTEGER} },
{FUNC, "getKeyState", {ATOM} },
{PROC, "setFocus", {OBJECT} },
{FUNC, "getFocus", {} },
{PROC, "setHintFont", {SEQUENCE, INTEGER, INTEGER} },
{FUNC, "getPointerRelPos", {INTEGER} },
{PROC, "showControlSet", {INTEGER} },
{PROC, "hideControlSet", {OBJECT} },
{PROC, "enableControlSet", {INTEGER} },
{PROC, "disableControlSet", {OBJECT} },
{PROC, "setControlSet", {INTEGER, INTEGER, OBJECT} },
{FUNC, "hitTestTV", {INTEGER} },
