{FUNC, "allocate_datetime", {SEQUENCE} },
{FUNC, "allocate_array4", {SEQUENCE} },
{FUNC, "new_workbook", {OBJECT, ATOM} },
{FUNC, "new_workbook_opt", {OBJECT, ATOM} },
{FUNC, "workbook_add_format", {ATOM} },
{FUNC, "workbook_add_worksheet", {ATOM, OBJECT} },
{FUNC, "workbook_close", {ATOM} },
{FUNC, "workbook_get_worksheets", {ATOM} },
{FUNC, "workbook_define_name", {ATOM, OBJECT, OBJECT} },
{FUNC, "worksheet_write_number", {ATOM, SEQUENCE, ATOM, ATOM} },
{FUNC, "worksheet_write_string", {ATOM, SEQUENCE, OBJECT, ATOM} },
{FUNC, "worksheet_write_formula", {ATOM, SEQUENCE, OBJECT, ATOM} },
{FUNC, "worksheet_write_array_formula", {ATOM, SEQUENCE, OBJECT, ATOM} },
{FUNC, "worksheet_write_datetime", {ATOM, SEQUENCE, OBJECT, ATOM} },
{FUNC, "worksheet_write_url", {ATOM, SEQUENCE, OBJECT, OBJECT, OBJECT, ATOM} },
{FUNC, "worksheet_write_blank", {ATOM, SEQUENCE, ATOM} },
{FUNC, "worksheet_set_row", {ATOM, ATOM, ATOM, ATOM, ATOM} },
{FUNC, "worksheet_set_column", {ATOM, SEQUENCE, ATOM, ATOM, ATOM} },
{FUNC, "worksheet_merge_range", {ATOM, SEQUENCE, OBJECT, ATOM} },
{FUNC, "worksheet_autofilter", {ATOM, SEQUENCE} },
{PROC, "worksheet_activate", {ATOM} },
{PROC, "worksheet_select", {ATOM} },
{PROC, "worksheet_set_landscape", {ATOM} },
{PROC, "worksheet_set_portrait", {ATOM} },
{PROC, "worksheet_set_page_view", {ATOM} },
{PROC, "worksheet_set_paper", {ATOM, ATOM} },
{PROC, "worksheet_set_margins", {ATOM, ATOM, ATOM, ATOM, ATOM} },
{FUNC, "worksheet_set_header", {ATOM, OBJECT, ATOM} },
{FUNC, "worksheet_set_footer", {ATOM, OBJECT, ATOM} },
{PROC, "worksheet_set_h_pagebreaks", {ATOM, OBJECT} },
{PROC, "worksheet_set_v_pagebreaks", {ATOM, OBJECT} },
{PROC, "worksheet_print_across", {ATOM} },
{PROC, "worksheet_gridlines", {ATOM, ATOM} },
{PROC, "worksheet_center_horizontally", {ATOM} },
{PROC, "worksheet_center_vertically", {ATOM} },
{PROC, "worksheet_print_row_col_headers", {ATOM} },
{FUNC, "worksheet_repeat_rows", {ATOM, SEQUENCE} },
{FUNC, "worksheet_repeat_columns", {ATOM, SEQUENCE} },
{FUNC, "worksheet_print_area", {ATOM, SEQUENCE} },
{PROC, "worksheet_fit_to_pages", {ATOM, ATOM, ATOM} },
{PROC, "worksheet_set_start_page", {ATOM, ATOM} },
{PROC, "worksheet_set_print_scale", {ATOM, ATOM} },
{PROC, "format_set_font_name", {ATOM, OBJECT} },
{PROC, "format_set_font_size", {ATOM, ATOM} },
{PROC, "format_set_font_color", {ATOM, ATOM} },
{PROC, "format_set_bold", {ATOM} },
{PROC, "format_set_italic", {ATOM} },
{PROC, "format_set_underline", {ATOM, ATOM} },
{PROC, "format_set_font_strikeout", {ATOM} },
{PROC, "format_set_font_script", {ATOM, ATOM} },
{PROC, "format_set_num_format", {ATOM, OBJECT} },
{PROC, "format_set_num_format_index", {ATOM, ATOM} },
{PROC, "format_set_unlocked", {ATOM} },
{PROC, "format_set_hidden", {ATOM} },
{PROC, "format_set_align", {ATOM, ATOM} },
{PROC, "format_set_text_wrap", {ATOM} },
{PROC, "format_set_rotation", {ATOM, ATOM} },
{PROC, "format_set_indent", {ATOM, ATOM} },
{PROC, "format_set_shrink", {ATOM} },
{PROC, "format_set_pattern", {ATOM, ATOM} },
{PROC, "format_set_bg_color", {ATOM, ATOM} },
{PROC, "format_set_fg_color", {ATOM, ATOM} },
{PROC, "format_set_border", {ATOM, OBJECT} },
{PROC, "format_set_bottom", {ATOM, ATOM} },
{PROC, "format_set_top", {ATOM, ATOM} },
{PROC, "format_set_left", {ATOM, ATOM} },
{PROC, "format_set_right", {ATOM, ATOM} },
{PROC, "format_set_border_color", {ATOM, OBJECT} },
{PROC, "format_set_bottom_color", {ATOM, ATOM} },
{PROC, "format_set_top_color", {ATOM, ATOM} },
{PROC, "format_set_left_color", {ATOM, ATOM} },
{PROC, "format_set_right_color", {ATOM, ATOM} },
{PROC, "format_set_diag_type", {ATOM, ATOM} },
{PROC, "format_set_diag_color", {ATOM, ATOM} },
{PROC, "format_set_diag_border", {ATOM, ATOM} },
{PROC, "format_set_font_outline", {ATOM} },
{PROC, "format_set_font_shadow", {ATOM} },
{PROC, "format_set_font_family", {ATOM, ATOM} },
{PROC, "format_set_font_charset", {ATOM, ATOM} },
{PROC, "format_set_font_scheme", {ATOM, OBJECT} },
{PROC, "format_set_font_condense", {ATOM} },
{PROC, "format_set_font_extend", {ATOM} },
{PROC, "format_set_reading_order", {ATOM, ATOM} },
{PROC, "format_set_theme", {ATOM, ATOM} },
{FUNC, "lxw_quote_sheetname", {OBJECT} },
{FUNC, "CELL", {SEQUENCE} },
{FUNC, "COLS", {SEQUENCE} },
{FUNC, "RANGE", {SEQUENCE} },
{FUNC, "ROWS", {SEQUENCE} },
